0 info it worked if it ends with ok
1 verbose cli [ 'node', '/usr/local/bin/npm', 'install', 'docpad@6', '--save' ]
2 info using npm@1.3.8
3 info using node@v0.10.18
4 verbose readDependencies using package.json deps
5 verbose cache add [ 'docpad@6', null ]
6 verbose cache add name=undefined spec="docpad@6" args=["docpad@6",null]
7 verbose parsed url { protocol: null,
7 verbose parsed url   slashes: null,
7 verbose parsed url   auth: null,
7 verbose parsed url   host: null,
7 verbose parsed url   port: null,
7 verbose parsed url   hostname: null,
7 verbose parsed url   hash: null,
7 verbose parsed url   search: null,
7 verbose parsed url   query: null,
7 verbose parsed url   pathname: 'docpad@6',
7 verbose parsed url   path: 'docpad@6',
7 verbose parsed url   href: 'docpad@6' }
8 verbose cache add name="docpad" spec="6" args=["docpad","6"]
9 verbose parsed url { protocol: null,
9 verbose parsed url   slashes: null,
9 verbose parsed url   auth: null,
9 verbose parsed url   host: null,
9 verbose parsed url   port: null,
9 verbose parsed url   hostname: null,
9 verbose parsed url   hash: null,
9 verbose parsed url   search: null,
9 verbose parsed url   query: null,
9 verbose parsed url   pathname: '6',
9 verbose parsed url   path: '6',
9 verbose parsed url   href: '6' }
10 verbose addNamed [ 'docpad', '6' ]
11 verbose addNamed [ null, '>=6.0.0-0 <7.0.0-0' ]
12 silly lockFile b44de181-docpad-6 docpad@6
13 verbose lock docpad@6 /Users/aginn/.npm/b44de181-docpad-6.lock
14 silly addNameRange { name: 'docpad', range: '>=6.0.0-0 <7.0.0-0', hasData: false }
15 verbose url raw docpad
16 verbose url resolving [ 'https://registry.npmjs.org/', './docpad' ]
17 verbose url resolved https://registry.npmjs.org/docpad
18 info trying registry request attempt 1 at 16:56:03
19 verbose etag "2X8KTFPV9TR4YVZXE8OO15CMD"
20 http GET https://registry.npmjs.org/docpad
21 http 304 https://registry.npmjs.org/docpad
22 silly registry.get cb [ 304,
22 silly registry.get   { server: 'CouchDB/1.3.1 (Erlang OTP/R15B03)',
22 silly registry.get     etag: '"2X8KTFPV9TR4YVZXE8OO15CMD"',
22 silly registry.get     date: 'Sun, 15 Sep 2013 23:55:48 GMT',
22 silly registry.get     'content-length': '0' } ]
23 verbose etag docpad from cache
24 silly addNameRange number 2 { name: 'docpad', range: '>=6.0.0-0 <7.0.0-0', hasData: true }
25 silly addNameRange versions [ 'docpad',
25 silly addNameRange   [ '0.1.0',
25 silly addNameRange     '0.4.0',
25 silly addNameRange     '0.5.0',
25 silly addNameRange     '0.5.1',
25 silly addNameRange     '0.6.0',
25 silly addNameRange     '0.6.1',
25 silly addNameRange     '0.7.0',
25 silly addNameRange     '0.8.0',
25 silly addNameRange     '0.8.1',
25 silly addNameRange     '0.8.3',
25 silly addNameRange     '0.9.0',
25 silly addNameRange     '0.9.1',
25 silly addNameRange     '0.9.2',
25 silly addNameRange     '0.9.3',
25 silly addNameRange     '0.9.4',
25 silly addNameRange     '0.9.5',
25 silly addNameRange     '0.9.6',
25 silly addNameRange     '0.9.7',
25 silly addNameRange     '0.9.8',
25 silly addNameRange     '0.9.9',
25 silly addNameRange     '0.9.10',
25 silly addNameRange     '0.9.11',
25 silly addNameRange     '0.9.12',
25 silly addNameRange     '0.9.13',
25 silly addNameRange     '0.9.14',
25 silly addNameRange     '0.9.15',
25 silly addNameRange     '0.9.16',
25 silly addNameRange     '0.9.17',
25 silly addNameRange     '0.9.18',
25 silly addNameRange     '0.9.19',
25 silly addNameRange     '0.9.20',
25 silly addNameRange     '0.9.21',
25 silly addNameRange     '0.9.22',
25 silly addNameRange     '0.10.0',
25 silly addNameRange     '1.0.0',
25 silly addNameRange     '1.0.1',
25 silly addNameRange     '1.0.2',
25 silly addNameRange     '1.0.3',
25 silly addNameRange     '1.1.1',
25 silly addNameRange     '1.1.2',
25 silly addNameRange     '1.1.3',
25 silly addNameRange     '1.1.4',
25 silly addNameRange     '1.1.6',
25 silly addNameRange     '1.2.0',
25 silly addNameRange     '1.2.1',
25 silly addNameRange     '1.2.2',
25 silly addNameRange     '1.2.3',
25 silly addNameRange     '1.2.4',
25 silly addNameRange     '1.2.5',
25 silly addNameRange     '1.3.0',
25 silly addNameRange     '1.3.1',
25 silly addNameRange     '1.3.2',
25 silly addNameRange     '1.3.3',
25 silly addNameRange     '1.3.5',
25 silly addNameRange     '1.3.6',
25 silly addNameRange     '1.3.7',
25 silly addNameRange     '1.3.8',
25 silly addNameRange     '1.4.0',
25 silly addNameRange     '1.4.1',
25 silly addNameRange     '2.0.0',
25 silly addNameRange     '2.0.1',
25 silly addNameRange     '2.0.2',
25 silly addNameRange     '2.1.0',
25 silly addNameRange     '2.1.1',
25 silly addNameRange     '2.2.0',
25 silly addNameRange     '2.2.1',
25 silly addNameRange     '2.3.0',
25 silly addNameRange     '2.3.1',
25 silly addNameRange     '2.3.2',
25 silly addNameRange     '2.3.3',
25 silly addNameRange     '2.3.4',
25 silly addNameRange     '2.3.5',
25 silly addNameRange     '2.3.6',
25 silly addNameRange     '2.3.7',
25 silly addNameRange     '2.3.8',
25 silly addNameRange     '2.4.0',
25 silly addNameRange     '2.5.0',
25 silly addNameRange     '2.6.0',
25 silly addNameRange     '2.6.1',
25 silly addNameRange     '3.2.0',
25 silly addNameRange     '3.2.1',
25 silly addNameRange     '3.2.2',
25 silly addNameRange     '3.2.3',
25 silly addNameRange     '3.2.4',
25 silly addNameRange     '3.2.5',
25 silly addNameRange     '3.2.6',
25 silly addNameRange     '3.2.7',
25 silly addNameRange     '3.2.8',
25 silly addNameRange     '3.3.0',
25 silly addNameRange     '3.3.1',
25 silly addNameRange     '3.3.2',
25 silly addNameRange     '4.0.0',
25 silly addNameRange     '4.0.1',
25 silly addNameRange     '4.0.2',
25 silly addNameRange     '4.0.3',
25 silly addNameRange     '4.1.0',
25 silly addNameRange     '4.1.1',
25 silly addNameRange     '5.0.0',
25 silly addNameRange     '5.0.1',
25 silly addNameRange     '5.0.2',
25 silly addNameRange     '5.0.3',
25 silly addNameRange     '5.0.4',
25 silly addNameRange     '5.0.5',
25 silly addNameRange     '5.1.0',
25 silly addNameRange     '5.1.1',
25 silly addNameRange     '5.1.2',
25 silly addNameRange     '5.2.0',
25 silly addNameRange     '5.2.1',
25 silly addNameRange     '5.2.2',
25 silly addNameRange     '5.2.3',
25 silly addNameRange     '5.2.4',
25 silly addNameRange     '5.2.5',
25 silly addNameRange     '6.0.0',
25 silly addNameRange     '6.0.2',
25 silly addNameRange     '6.0.3',
25 silly addNameRange     '6.0.4',
25 silly addNameRange     '6.0.5',
25 silly addNameRange     '6.0.6',
25 silly addNameRange     '6.0.7',
25 silly addNameRange     '6.0.8',
25 silly addNameRange     '6.0.9',
25 silly addNameRange     '6.0.10',
25 silly addNameRange     '6.0.11',
25 silly addNameRange     '6.0.12',
25 silly addNameRange     '6.0.13',
25 silly addNameRange     '6.0.14',
25 silly addNameRange     '6.1.0',
25 silly addNameRange     '6.1.2',
25 silly addNameRange     '6.1.3',
25 silly addNameRange     '6.2.0',
25 silly addNameRange     '6.3.0',
25 silly addNameRange     '6.3.1',
25 silly addNameRange     '6.3.2',
25 silly addNameRange     '6.3.3',
25 silly addNameRange     '6.4.0',
25 silly addNameRange     '6.4.1',
25 silly addNameRange     '6.4.2',
25 silly addNameRange     '6.5.0-dev',
25 silly addNameRange     '6.5.1-dev',
25 silly addNameRange     '6.5.2-dev',
25 silly addNameRange     '6.5.3-dev',
25 silly addNameRange     '6.5.4',
25 silly addNameRange     '6.5.5',
25 silly addNameRange     '6.5.6',
25 silly addNameRange     '6.5.7',
25 silly addNameRange     '6.6.1',
25 silly addNameRange     '6.6.2',
25 silly addNameRange     '6.6.3',
25 silly addNameRange     '6.6.4',
25 silly addNameRange     '6.6.5',
25 silly addNameRange     '6.6.6',
25 silly addNameRange     '6.6.7',
25 silly addNameRange     '6.6.8',
25 silly addNameRange     '6.7.0',
25 silly addNameRange     '6.7.1',
25 silly addNameRange     '6.7.2',
25 silly addNameRange     '6.7.3',
25 silly addNameRange     '6.7.4',
25 silly addNameRange     '6.8.0',
25 silly addNameRange     '6.8.1',
25 silly addNameRange     '6.8.2',
25 silly addNameRange     '6.8.3',
25 silly addNameRange     '6.8.4',
25 silly addNameRange     '6.9.0',
25 silly addNameRange     '6.9.1',
25 silly addNameRange     '6.9.2',
25 silly addNameRange     '6.10.0',
25 silly addNameRange     '6.11.0',
25 silly addNameRange     '6.11.1',
25 silly addNameRange     '6.12.0',
25 silly addNameRange     '6.12.1',
25 silly addNameRange     '6.13.0',
25 silly addNameRange     '6.13.1',
25 silly addNameRange     '6.13.2',
25 silly addNameRange     '6.13.3',
25 silly addNameRange     '6.13.4',
25 silly addNameRange     '6.14.0',
25 silly addNameRange     '6.15.0',
25 silly addNameRange     '6.16.0',
25 silly addNameRange     '6.17.0',
25 silly addNameRange     '6.17.1',
25 silly addNameRange     '6.17.2',
25 silly addNameRange     '6.17.3',
25 silly addNameRange     '6.18.0',
25 silly addNameRange     '6.19.0',
25 silly addNameRange     '6.20.0',
25 silly addNameRange     '6.20.1',
25 silly addNameRange     '6.21.0',
25 silly addNameRange     '6.21.1',
25 silly addNameRange     '6.21.2',
25 silly addNameRange     '6.21.3',
25 silly addNameRange     '6.21.4',
25 silly addNameRange     '6.21.5',
25 silly addNameRange     '6.21.6',
25 silly addNameRange     '6.21.7',
25 silly addNameRange     '6.21.8',
25 silly addNameRange     '6.21.9',
25 silly addNameRange     '6.21.10',
25 silly addNameRange     '6.22.0',
25 silly addNameRange     '6.23.0',
25 silly addNameRange     '6.24.0',
25 silly addNameRange     '6.24.1',
25 silly addNameRange     '6.24.2',
25 silly addNameRange     '6.25.0',
25 silly addNameRange     '6.26.0',
25 silly addNameRange     '6.26.1',
25 silly addNameRange     '6.26.2',
25 silly addNameRange     '6.27.0',
25 silly addNameRange     '6.28.0',
25 silly addNameRange     '6.29.0',
25 silly addNameRange     '6.30.0',
25 silly addNameRange     '6.30.1',
25 silly addNameRange     '6.30.2',
25 silly addNameRange     '6.30.3',
25 silly addNameRange     '6.30.4',
25 silly addNameRange     '6.30.5',
25 silly addNameRange     '6.31.0',
25 silly addNameRange     '6.31.1',
25 silly addNameRange     '6.31.2',
25 silly addNameRange     '6.31.3',
25 silly addNameRange     '6.31.4',
25 silly addNameRange     '6.31.5',
25 silly addNameRange     '6.31.6',
25 silly addNameRange     '6.32.0',
25 silly addNameRange     '6.33.0',
25 silly addNameRange     '6.34.0',
25 silly addNameRange     '6.34.1',
25 silly addNameRange     '6.34.2',
25 silly addNameRange     '6.35.0',
25 silly addNameRange     '6.36.0',
25 silly addNameRange     '6.36.1',
25 silly addNameRange     '6.36.2',
25 silly addNameRange     '6.37.0',
25 silly addNameRange     '6.37.1',
25 silly addNameRange     '6.38.0',
25 silly addNameRange     '6.38.1',
25 silly addNameRange     '6.39.0',
25 silly addNameRange     '6.40.0',
25 silly addNameRange     '6.41.0',
25 silly addNameRange     '6.42.0',
25 silly addNameRange     '6.42.1',
25 silly addNameRange     '6.42.2',
25 silly addNameRange     '6.42.3',
25 silly addNameRange     '6.43.0',
25 silly addNameRange     '6.43.1',
25 silly addNameRange     '6.43.2',
25 silly addNameRange     '6.44.0',
25 silly addNameRange     '6.45.0',
25 silly addNameRange     '6.45.1',
25 silly addNameRange     '6.46.0',
25 silly addNameRange     '6.46.1',
25 silly addNameRange     '6.46.2',
25 silly addNameRange     '6.46.3',
25 silly addNameRange     '6.46.4',
25 silly addNameRange     '6.46.5',
25 silly addNameRange     '6.47.0',
25 silly addNameRange     '6.48.0',
25 silly addNameRange     '6.48.1',
25 silly addNameRange     '6.49.0',
25 silly addNameRange     '6.49.1',
25 silly addNameRange     '6.49.2',
25 silly addNameRange     '6.50.0',
25 silly addNameRange     '6.50.1',
25 silly addNameRange     '6.51.0',
25 silly addNameRange     '6.51.1',
25 silly addNameRange     '6.51.2',
25 silly addNameRange     '6.51.3',
25 silly addNameRange     '6.51.4',
25 silly addNameRange     '6.51.5',
25 silly addNameRange     '6.51.6',
25 silly addNameRange     '6.52.0',
25 silly addNameRange     '6.52.1' ] ]
26 verbose addNamed [ 'docpad', '6.52.1' ]
27 verbose addNamed [ '6.52.1', '6.52.1' ]
28 silly lockFile a4a99ede-docpad-6-52-1 docpad@6.52.1
29 verbose lock docpad@6.52.1 /Users/aginn/.npm/a4a99ede-docpad-6-52-1.lock
30 silly lockFile a4a99ede-docpad-6-52-1 docpad@6.52.1
31 silly lockFile a4a99ede-docpad-6-52-1 docpad@6.52.1
32 silly lockFile b44de181-docpad-6 docpad@6
33 silly lockFile b44de181-docpad-6 docpad@6
34 silly resolved [ { name: 'docpad',
34 silly resolved     version: '6.52.1',
34 silly resolved     description: 'DocPad is a next generation web architecture that lets you create fast static websites with dynamic abilities and powerful abstractions. Write your website as files on your computer, entries in a database, or even RSS feeds and DocPad will import it, generate & render it, then output a static website for deployment anywhere or a dynamic node website for advanced server-side functionality. Use it as a module or standalone. It\'s purely awesome. Check it out.',
34 silly resolved     homepage: 'https://github.com/bevry/docpad',
34 silly resolved     installUrl: 'http://docpad.org/install',
34 silly resolved     upgradeUrl: 'http://docpad.org/upgrade',
34 silly resolved     keywords:
34 silly resolved      [ 'document management system',
34 silly resolved        'dms',
34 silly resolved        'content management system',
34 silly resolved        'cms',
34 silly resolved        'static site generator',
34 silly resolved        'generator',
34 silly resolved        'static file server',
34 silly resolved        'server',
34 silly resolved        'web',
34 silly resolved        'web framework',
34 silly resolved        'framework',
34 silly resolved        'web development',
34 silly resolved        'development',
34 silly resolved        'dev',
34 silly resolved        'build and deployment',
34 silly resolved        'builder',
34 silly resolved        'build',
34 silly resolved        'compiler',
34 silly resolved        'compile',
34 silly resolved        'parser',
34 silly resolved        'parse',
34 silly resolved        'renderer',
34 silly resolved        'render',
34 silly resolved        'templating',
34 silly resolved        'templates',
34 silly resolved        'language agnostic',
34 silly resolved        'website',
34 silly resolved        'blog',
34 silly resolved        'cli',
34 silly resolved        'tool',
34 silly resolved        'utility',
34 silly resolved        'scaffold' ],
34 silly resolved     author:
34 silly resolved      { name: 'Bevry Pty Ltd',
34 silly resolved        email: 'us@bevry.me',
34 silly resolved        url: 'http://bevry.me' },
34 silly resolved     maintainers: [ [Object], [Object] ],
34 silly resolved     contributors:
34 silly resolved      [ [Object],
34 silly resolved        [Object],
34 silly resolved        [Object],
34 silly resolved        [Object],
34 silly resolved        [Object],
34 silly resolved        [Object],
34 silly resolved        [Object],
34 silly resolved        [Object],
34 silly resolved        [Object],
34 silly resolved        [Object],
34 silly resolved        [Object],
34 silly resolved        [Object],
34 silly resolved        [Object],
34 silly resolved        [Object],
34 silly resolved        [Object],
34 silly resolved        [Object],
34 silly resolved        [Object],
34 silly resolved        [Object],
34 silly resolved        [Object],
34 silly resolved        [Object],
34 silly resolved        [Object],
34 silly resolved        [Object],
34 silly resolved        [Object],
34 silly resolved        [Object],
34 silly resolved        [Object],
34 silly resolved        [Object] ],
34 silly resolved     bugs: { url: 'https://github.com/bevry/docpad/issues' },
34 silly resolved     repository: { type: 'git', url: 'http://github.com/bevry/docpad.git' },
34 silly resolved     license: { type: 'MIT', url: 'http://docpad.org/license' },
34 silly resolved     engines: { node: '>=0.8', npm: '>=1.2' },
34 silly resolved     dependencies:
34 silly resolved      { ambi: '~2.1.1',
34 silly resolved        backbone: '1.0.0',
34 silly resolved        'bal-util': '~2.3.0',
34 silly resolved        caterpillar: '~2.0.4',
34 silly resolved        'caterpillar-filter': '~2.0.1',
34 silly resolved        'caterpillar-human': '~2.1.0',
34 silly resolved        commander: '~2.0.0',
34 silly resolved        cson: '~1.4.4',
34 silly resolved        eachr: '~2.0.2',
34 silly resolved        envfile: '~1.0.0',
34 silly resolved        'event-emitter-grouped': '~2.3.0',
34 silly resolved        express: '~3.3.7',
34 silly resolved        extendr: '~2.1.0',
34 silly resolved        'extract-opts': '~2.2.0',
34 silly resolved        getmac: '~1.0.5',
34 silly resolved        jschardet: '~1.0.2',
34 silly resolved        'lazy-require': '~1.0.0',
34 silly resolved        lodash: '~1.3.1',
34 silly resolved        mime: '~1.2.9',
34 silly resolved        progressbar: '~1.0.1',
34 silly resolved        'query-engine': '~1.5.2',
34 silly resolved        safefs: '~3.0.3',
34 silly resolved        safeps: '~2.2.7',
34 silly resolved        semver: '~2.1.0',
34 silly resolved        superagent: '~0.15.4',
34 silly resolved        taskgroup: '~3.2.0',
34 silly resolved        typechecker: '~2.0.1',
34 silly resolved        watchr: '~2.4.3',
34 silly resolved        yamljs: '~0.1.4',
34 silly resolved        promptly: '~0.2.0',
34 silly resolved        growl: '~1.7.0' },
34 silly resolved     optionalDependencies: { growl: '~1.7.0' },
34 silly resolved     devDependencies:
34 silly resolved      { 'coffee-script': '~1.6.2',
34 silly resolved        chai: '~1.7.2',
34 silly resolved        joe: '~1.3.0',
34 silly resolved        'joe-reporter-console': '~1.2.1' },
34 silly resolved     directories: { lib: './out/lib' },
34 silly resolved     bin:
34 silly resolved      { docpad: './bin/docpad',
34 silly resolved        'docpad-compile': './bin/docpad-compile',
34 silly resolved        'docpad-debug': './bin/docpad-debug',
34 silly resolved        'docpad-server': './bin/docpad-server',
34 silly resolved        'docpad-trace': './bin/docpad-trace' },
34 silly resolved     scripts: { test: './node_modules/.bin/cake test' },
34 silly resolved     main: './out/main.js',
34 silly resolved     readme: '[![DocPad Logo](http://d.pr/i/cfmt+)](http://docpad.org "Visit the DocPad Website")\n\n# DocPad. Streamlined web development.\n\n[![Build Status](https://secure.travis-ci.org/bevry/docpad.png?branch=master)](http://travis-ci.org/bevry/docpad "Check this project\'s build status on TravisCI")\n[![NPM version](https://badge.fury.io/js/docpad.png)](https://npmjs.org/package/docpad "View this project on NPM")\n[![Gittip donate button](http://badgr.co/gittip/docpad.png)](https://www.gittip.com/docpad/ "Donate weekly to this project using Gittip")\n[![Flattr donate button](https://raw.github.com/balupton/flattr-buttons/master/badge-89x18.gif)](http://flattr.com/thing/344188/balupton-on-Flattr "Donate monthly to this project using Flattr")\n[![PayPayl donate button](https://www.paypalobjects.com/en_AU/i/btn/btn_donate_SM.gif)](https://www.paypal.com/au/cgi-bin/webscr?cmd=_flow&SESSION=IHj3DG3oy_N9A9ZDIUnPksOi59v0i-EWDTunfmDrmU38Tuohg_xQTx0xcjq&dispatch=5885d80a13c0db1f8e263663d3faee8d14f86393d55a810282b64afed84968ec "Donate once-off to this project using Paypal")\n\nHi! I\'m DocPad, I streamline the web development process and help close the gap between experts and beginners. I\'ve been used in production by big and small companies for over a year and a half now to create [plenty of amazing and powerful web sites and applications](http://docpad.org/docs/showcase) quicker than ever before. What makes me different is instead of being a box to cram yourself into and hold you back, I\'m a freeway to what you want to accomplish, just getting out of your way and allowing you to create stuff quicker than ever before without limits. Leave the redudant stuff up to me, so you can focus on the awesome stuff.\n\nDiscover my features below, or skip ahead to the installation instructions to get started with a [fully functional pre-made website](http://docpad.org/docs/skeletons) in a few minutes from reading this.\n\n**[Watch the Screencast!](http://www.youtube.com/watch?v=hvQCXDWh7Wg&feature=share&list=PLYVl5EnzwqsQs0tBLO6ug6WbqAbrpVbNf)**\n\n\n## Features\n\n### Out of the box\n\n- Competely file based meaning there is no pesky databases that need to be installed, and for version control you get to use systems like Git and SVN which you\'re already use to (You can still hook in remote data sources if you want, DocPad doesn\'t impose any limits on you, ever)\n- Choose from plenty of community maintained [pre-made websites](http://docpad.org/docs/skeletons) to use for your next project instead of starting from scratch everytime\n- Write your documents in any language, markup, templating engine, or pre-processor you wish (we\'re truly agnostic thanks to your plugin system). You can even mix and match them when needed by combining their extensions in a rails like fashion (e.g. `coffee-with-some-eco.js.coffee.eco`)\n- Changes to your website are automatically recompiled through our built in watch system\n- Add meta data to the top of your files to be used by templating engines to display non-standard information such as titles and descriptions for your documents\n- Display custom listings of content with our powerful [Query Engine](https://github.com/bevry/query-engine/) available to your templating engines\n- Abstract out generic headers and footers into layouts using our nested layout system\n- For simple static websites easily deploy your generated website to any web server like apache or github pages. For dynamic projects deploy them to servers like [heroku](http://www.heroku.com/) or [nodejitsu](http://nodejitsu.com/) to take advantage of custom routing with [express.js](http://expressjs.com/). [Deploy guide here](http://docpad.org/docs/deploy)\n- Built-in server to save you from having to startup your own, for dynamic deployments this even supports things like clean urls, custom routes and server-side logic\n- Robust architecture and powerful plugin system means that you are never boxed in unlike traditional CMS systems, instead you can always [extend DocPad](http://docpad.org/docs/extend) to do whatever you need it to do, and you can even write to bundle common custom functionality and distribute them through the amazing node package manager [npm](http://npmjs.org/)\n- Built in support for dynamic documents (e.g. search pages, signup forms, etc.), so you can code pages that change on each request by just adding `dynamic: true` to your document\'s meta data (exposes the [express.js](http://expressjs.com/) `req` and `res` objects to your templating engine)\n- You can use it standalone, or even easily include it within your existing systems with our [API](http://docpad.org/docs/api)\n\n\n### With our amazing community maintained plugins\n\n- Use the [Live Reload](http://docpad.org/plugin/livereload/) plugin to automatically refresh your web browser whenever a change is made, this is amazing\n- Pull in remote RSS/Atom/JSON feeds into your templating engines allowing you to display your latest twitter updates or github projects easily and effortlessly using the [Feedr Plugin](http://docpad.org/plugin/feedr/)\n- Support for every templating engine and pre-processor under the sun, including  but not limited to CoffeeScript, CoffeeKup, ECO, HAML, Handlebars, Jade, Less, Markdown, PHP, Ruby, SASS and Stylus - [the full listing is here](http://docpad.org/docs/plugins)\n- Use the [Partials Plugin](http://docpad.org/plugin/partials) to abstract common pieces of code into their own individual file that can be included as much as you want\n- Syntax highlight code blocks automatically with either our [Highlight.js Plugin](http://docpad.org/plugin/highlightjs/) or [Pygments Plugin](http://docpad.org/plugin/pygments/)\n- Get SEO friendly clean URLs with our [Clean URLs Plugin](http://docpad.org/plugin/cleanurls/) (dynamic deployments only)\n- Lint your code automatically with our Lint Plugin - under construction, coming soon\n- Concatenate and minify your JavaScript and CSS assets making page loads faster for your users with our Minify Plugin - under construction, coming soon\n- Install common javascript libraries like jQuery, Backbone and Underscore directly from the command line - under construction, coming soon\n- Automatically translate your entire website into other languages with our Translation Plugin - under construction, coming soon\n- Add a admin interface to your website allowing you to edit, save and preview your changes on live websites then push them back to your source repository with the Admin Plugin - under construction, coming soon\n- Pretty much if DocPad doesn\'t already do something, it is trivial to [write a plugin](http://docpad.org/docs/extend) to do it, seriously DocPad can accomplish anything, it never holds you back, there are no limits, it\'s like super powered guardian angel\n- There are also [plenty of other plugins](http://docpad.org/docs/plugins) not listed here that are still definitely worth checking out! :)\n\n\n## People love DocPad\n\nAll sorts of people love DocPad, from first time web developers to even industry leaders and experts. In fact, people even migrate to DocPad from other systems as they love it so much. Here are some our [favourite tweets](https://twitter.com/#!/DocPad/favorites) of what people are saying about DocPad :)\n\n[![Some favourite tweets about DocPad](https://raw.github.com/bevry/docpad/dev/docs/favs.gif)](https://twitter.com/#!/DocPad/favorites)\n\n\n\n\n## [Installation](http://docpad.org/docs/install)\n\n[Click here for our latest Install Instructions](http://docpad.org/docs/install)\n\n\n## [Quick Start](http://docpad.org/docs/start)\n\n[Click here to skip ahead to our latest Quick Start Guide](http://docpad.org/docs/start)\n\n\n## What next?\n\nHere are some quick links to help you get started:\n\n- [Getting Started](http://docpad.org/docs/intro)\n- [Frequently Asked Questions](http://docpad.org/docs/faq)\n- [Showcase and Examples](http://docpad.org/docs/showcase)\n- [Guides and Tutorials](http://docpad.org/docs/)\n- [Deployment Guide](http://docpad.org/docs/deploy)\n- [Extension Guide](http://docpad.org/docs/extend)\n- [Plugins](http://docpad.org/docs/plugins)\n- [Skeletons](http://docpad.org/docs/skeletons)\n- [Troubleshooting](http://docpad.org/docs/troubleshoot)\n- [Support Channels](http://docpad.org/support)\n- [Bug Tracker](http://docpad.org/issues)\n- [IRC Chat Room: `#docpad` on freenode](http://webchat.freenode.net?channels=docpad)\n- [Everything else](http://docpad.org/docs/)\n\n\n## History\n\n[You can discover the version history inside the `History.md` file](https://github.com/bevry/docpad/blob/master/History.md#files)\n\n\n\n## License\n\nLicensed under the incredibly [permissive](http://en.wikipedia.org/wiki/Permissive_free_software_licence) [MIT License](http://creativecommons.org/licenses/MIT/)\n<br/>Copyright &copy; 2012+ [Bevry Pty Ltd](http://bevry.me)\n<br/>Copyright &copy; 2011 [Benjamin Lupton](http://balupton.com)\n\n\n\n## Special Thanks\n\nSpecial thanks to all our wonderful contributors who have helped shaped the DocPad core of today:\n\n- [Benjamin Lupton](https://github.com/balupton)\n- [Nick Crohn](https://github.com/ncrohn)\n- [eldios](https://github.com/eldios)\n- [Changwoo Park](https://github.com/pismute)\n- [Bruno Héridet](https://github.com/Delapouite)\n- [Todd Anglin](https://github.com/toddanglin)\n- [Olivier Bazoud](https://github.com/obazoud)\n- [Zhao Lei](https://github.com/firede)\n- [Aaron Powell](https://github.com/aaronpowell)\n- [Andrew Patton](https://github.com/acusti)\n- [Paul Armstrong](https://github.com/paularmstrong)\n- [Sorin Ionescu](https://github.com/sorin-ionescu)\n- [Ferrari Lee](https://github.com/Ferrari)\n- [Ben Barber](https://github.com/barberboy)\n- [Sven Vetsch](https://github.com/disenchant)\n\nAlso thanks to all the countless others who have continued to raise DocPad even higher by submitting plugins, issues reports, discussion topics, IRC chat messages, and praise on twitter. We love you.\n\nLastly, thank YOU for giving us a go, believing us, and loving us. We love you too.\n\nSincerely, the DocPad team\n\n[![Flattr this project](http://api.flattr.com/button/flattr-badge-large.png)](http://flattr.com/thing/344188/balupton-on-Flattr)\n',
34 silly resolved     readmeFilename: 'README.md',
34 silly resolved     _id: 'docpad@6.52.1',
34 silly resolved     _from: 'docpad@6' } ]
35 info install docpad@6.52.1 into /Users/aginn/lincolnlabs.com
36 info installOne docpad@6.52.1
37 info /Users/aginn/lincolnlabs.com/node_modules/docpad unbuild
38 info preuninstall docpad@6.49.2
39 info uninstall docpad@6.49.2
40 verbose true,/Users/aginn/lincolnlabs.com/node_modules,/Users/aginn/lincolnlabs.com/node_modules unbuild docpad@6.49.2
41 verbose /Users/aginn/lincolnlabs.com/node_modules/.bin,[object Object] binRoot
42 info /Users/aginn/lincolnlabs.com/node_modules/docpad unbuild
43 info preuninstall docpad@6.49.2
44 info uninstall docpad@6.49.2
45 verbose true,/Users/aginn/lincolnlabs.com/node_modules,/Users/aginn/lincolnlabs.com/node_modules unbuild docpad@6.49.2
46 verbose /Users/aginn/lincolnlabs.com/node_modules/.bin,[object Object] binRoot
47 error error rolling back Error: EACCES, unlink '/Users/aginn/lincolnlabs.com/node_modules/.bin/docpad'
47 error error rolling back  docpad@6.52.1 { [Error: EACCES, unlink '/Users/aginn/lincolnlabs.com/node_modules/.bin/docpad']
47 error error rolling back   errno: 3,
47 error error rolling back   code: 'EACCES',
47 error error rolling back   path: '/Users/aginn/lincolnlabs.com/node_modules/.bin/docpad' }
48 error Error: EACCES, unlink '/Users/aginn/lincolnlabs.com/node_modules/.bin/docpad'
48 error  { [Error: EACCES, unlink '/Users/aginn/lincolnlabs.com/node_modules/.bin/docpad']
48 error   errno: 3,
48 error   code: 'EACCES',
48 error   path: '/Users/aginn/lincolnlabs.com/node_modules/.bin/docpad' }
49 error Please try running this command again as root/Administrator.
50 error System Darwin 12.4.0
51 error command "node" "/usr/local/bin/npm" "install" "docpad@6" "--save"
52 error cwd /Users/aginn/lincolnlabs.com
53 error node -v v0.10.18
54 error npm -v 1.3.8
55 error path /Users/aginn/lincolnlabs.com/node_modules/.bin/docpad
56 error code EACCES
57 error errno 3
58 error stack Error: EACCES, unlink '/Users/aginn/lincolnlabs.com/node_modules/.bin/docpad'
59 verbose exit [ 3, true ]
